<?xml version="1.0" encoding="UTF-8"?>
<robot generator="Robot 4.0.3 (Python 3.8.10 on linux)" generated="20210726 15:50:17.752" rpa="false" schemaversion="2">
<suite id="s1" name="testPratice" source="/home/damyres/Documentos/curso-robot/robot-basico/testes/testsCase/testPratice.robot">
<test id="s1-t1" name="TC 1.01 - Pesquisar produto existente">
<kw name="Abrir Navegador" library="testPage" type="SETUP">
<kw name="Open Browser" library="SeleniumLibrary">
<arg>about:blank</arg>
<arg>${Browser}</arg>
<doc>Opens a new browser instance to the optional ``url``.</doc>
<msg timestamp="20210726 15:50:17.881" level="INFO">Opening browser 'firefox' to base url 'about:blank'.</msg>
<msg timestamp="20210726 15:50:17.882" level="INFO">Firefox driver log is always forced to to: /home/damyres/Documentos/curso-robot/robot-basico/results/geckodriver-46.log</msg>
<status status="PASS" starttime="20210726 15:50:17.881" endtime="20210726 15:50:19.855"/>
</kw>
<status status="PASS" starttime="20210726 15:50:17.881" endtime="20210726 15:50:19.855"/>
</kw>
<kw name="Acessar pagina home do site" library="testPage">
<kw name="Go To" library="SeleniumLibrary">
<arg>https://www.google.com/</arg>
<doc>Navigates the current browser window to the provided ``url``.</doc>
<msg timestamp="20210726 15:50:19.856" level="INFO">Opening url 'https://www.google.com/'</msg>
<status status="PASS" starttime="20210726 15:50:19.856" endtime="20210726 15:50:22.414"/>
</kw>
<kw name="Title Should Be" library="SeleniumLibrary">
<arg>Google</arg>
<doc>Verifies that the current page title equals ``title``.</doc>
<msg timestamp="20210726 15:50:22.421" level="INFO">Page title is 'Google'.</msg>
<status status="PASS" starttime="20210726 15:50:22.414" endtime="20210726 15:50:22.421"/>
</kw>
<status status="PASS" starttime="20210726 15:50:19.855" endtime="20210726 15:50:22.422"/>
</kw>
<kw name="Digitar no campo de pesquisa" library="testPage">
<kw name="Input Text" library="SeleniumLibrary">
<arg>name=q</arg>
<arg>${Pesquisar}</arg>
<doc>Types the given ``text`` into the text field identified by ``locator``.</doc>
<msg timestamp="20210726 15:50:22.423" level="INFO">Typing text 'Robot framework' into text field 'name=q'.</msg>
<status status="PASS" starttime="20210726 15:50:22.423" endtime="20210726 15:50:22.543"/>
</kw>
<status status="PASS" starttime="20210726 15:50:22.422" endtime="20210726 15:50:22.543"/>
</kw>
<kw name="Click Btn pesquisar" library="testPage">
<kw name="Press Keys" library="SeleniumLibrary">
<arg>name=q</arg>
<arg>ENTER</arg>
<doc>Simulates the user pressing key(s) to an element or on the active browser.</doc>
<msg timestamp="20210726 15:50:22.544" level="INFO">Sending key(s) ('ENTER',) to name=q element.</msg>
<msg timestamp="20210726 15:50:22.846" level="INFO">Pressing special key ENTER to element.</msg>
<msg timestamp="20210726 15:50:22.846" level="INFO">Releasing special key ENTER.</msg>
<status status="PASS" starttime="20210726 15:50:22.544" endtime="20210726 15:50:22.871"/>
</kw>
<kw name="Sleep" library="BuiltIn">
<arg>2s</arg>
<doc>Pauses the test executed for the given time.</doc>
<msg timestamp="20210726 15:50:24.872" level="INFO">Slept 2 seconds</msg>
<status status="PASS" starttime="20210726 15:50:22.871" endtime="20210726 15:50:24.873"/>
</kw>
<status status="PASS" starttime="20210726 15:50:22.543" endtime="20210726 15:50:24.873"/>
</kw>
<kw name="Fechar Navegador" library="testPage" type="TEARDOWN">
<kw name="Close Browser" library="SeleniumLibrary">
<doc>Closes the current browser.</doc>
<status status="PASS" starttime="20210726 15:50:24.876" endtime="20210726 15:50:25.800"/>
</kw>
<status status="PASS" starttime="20210726 15:50:24.875" endtime="20210726 15:50:25.801"/>
</kw>
<status status="PASS" starttime="20210726 15:50:17.880" endtime="20210726 15:50:25.801"/>
</test>
<doc>Abrir uma página de site</doc>
<status status="PASS" starttime="20210726 15:50:17.754" endtime="20210726 15:50:25.802"/>
</suite>
<statistics>
<total>
<stat pass="1" fail="0" skip="0">All Tests</stat>
</total>
<tag>
</tag>
<suite>
<stat pass="1" fail="0" skip="0" id="s1" name="testPratice">testPratice</stat>
</suite>
</statistics>
<errors>
</errors>
</robot>
