<?xml version="1.0" encoding="UTF-8"?>
<robot generator="Robot 4.0.3 (Python 3.8.10 on linux)" generated="20210709 16:35:29.719" rpa="false" schemaversion="2">
<suite id="s1" name="testPratice" source="/home/damyres/Documentos/curso-robot/robot-basico/testes/testsCase/testPratice.robot">
<test id="s1-t1" name="TC 1.01 - Pesquisar produto existente">
<kw name="Abrir Navegador" library="testPage" type="SETUP">
<kw name="Open Browser" library="SeleniumLibrary">
<arg>about:blank</arg>
<arg>${Browser}</arg>
<doc>Opens a new browser instance to the optional ``url``.</doc>
<msg timestamp="20210709 16:35:29.841" level="INFO">Opening browser 'firefox' to base url 'about:blank'.</msg>
<msg timestamp="20210709 16:35:29.842" level="INFO">Firefox driver log is always forced to to: /home/damyres/Documentos/curso-robot/robot-basico/testes/results/geckodriver-24.log</msg>
<status status="PASS" starttime="20210709 16:35:29.841" endtime="20210709 16:35:32.110"/>
</kw>
<status status="PASS" starttime="20210709 16:35:29.840" endtime="20210709 16:35:32.111"/>
</kw>
<kw name="Acessar pagina home do site" library="testPage">
<kw name="Go To" library="SeleniumLibrary">
<arg>https://www.riachuelo.com.br/</arg>
<doc>Navigates the current browser window to the provided ``url``.</doc>
<msg timestamp="20210709 16:35:32.112" level="INFO">Opening url 'https://www.riachuelo.com.br/'</msg>
<status status="PASS" starttime="20210709 16:35:32.112" endtime="20210709 16:35:42.349"/>
</kw>
<kw name="Title Should Be" library="SeleniumLibrary">
<arg>Riachuelo | VIVA SUA MODA | Moda Feminina, Masculina e Infantil.</arg>
<doc>Verifies that the current page title equals ``title``.</doc>
<msg timestamp="20210709 16:35:42.353" level="INFO">Page title is 'Riachuelo | VIVA SUA MODA | Moda Feminina, Masculina e Infantil.'.</msg>
<status status="PASS" starttime="20210709 16:35:42.349" endtime="20210709 16:35:42.353"/>
</kw>
<status status="PASS" starttime="20210709 16:35:32.111" endtime="20210709 16:35:42.354"/>
</kw>
<kw name="Digitar o nome do produto no campo de pesquisa" library="testPage">
<kw name="Input Text" library="SeleniumLibrary">
<arg>id=search</arg>
<arg>${Produto}</arg>
<doc>Types the given ``text`` into the text field identified by ``locator``.</doc>
<msg timestamp="20210709 16:35:42.355" level="INFO">Typing text 'Pijama feminino' into text field 'id=search'.</msg>
<status status="PASS" starttime="20210709 16:35:42.355" endtime="20210709 16:35:42.484"/>
</kw>
<status status="PASS" starttime="20210709 16:35:42.354" endtime="20210709 16:35:42.484"/>
</kw>
<kw name="Click Btn pesquisar" library="testPage">
<kw name="Click Link" library="SeleniumLibrary">
<arg>id=search</arg>
<doc>Clicks a link identified by ``locator``.</doc>
<msg timestamp="20210709 16:35:42.485" level="INFO">Clicking link 'id=search'.</msg>
<kw name="Capture Page Screenshot" library="SeleniumLibrary">
<doc>Takes a screenshot of the current page and embeds it into a log file.</doc>
<msg timestamp="20210709 16:35:42.672" level="INFO" html="true">&lt;/td&gt;&lt;/tr&gt;&lt;tr&gt;&lt;td colspan="3"&gt;&lt;a href="selenium-screenshot-16.png"&gt;&lt;img src="selenium-screenshot-16.png" width="800px"&gt;&lt;/a&gt;</msg>
<status status="PASS" starttime="20210709 16:35:42.517" endtime="20210709 16:35:42.672"/>
</kw>
<msg timestamp="20210709 16:35:42.673" level="FAIL">Link with locator 'id=search' not found.</msg>
<status status="FAIL" starttime="20210709 16:35:42.485" endtime="20210709 16:35:42.673"/>
</kw>
<status status="FAIL" starttime="20210709 16:35:42.485" endtime="20210709 16:35:42.674"/>
</kw>
<status status="FAIL" starttime="20210709 16:35:29.839" endtime="20210709 16:35:42.674">Link with locator 'id=search' not found.</status>
</test>
<doc>Abrir uma página de site</doc>
<status status="FAIL" starttime="20210709 16:35:29.721" endtime="20210709 16:35:42.676"/>
</suite>
<statistics>
<total>
<stat pass="0" fail="1" skip="0">All Tests</stat>
</total>
<tag>
</tag>
<suite>
<stat pass="0" fail="1" skip="0" id="s1" name="testPratice">testPratice</stat>
</suite>
</statistics>
<errors>
</errors>
</robot>
